{"level":"info","msg":"Retrieved order list successfully","time":"2024-06-19T17:26:29+07:00"}
{"level":"info","method":"GET","msg":"HTTP request","path":"/v1/order","query":"","remoteIP":"::1","time":"2024-06-19T17:26:29+07:00"}
{"latency":0.003102556,"level":"info","method":"GET","msg":"HTTP response","path":"/v1/order","query":"","remoteIP":"::1","status":200,"time":"2024-06-19T17:26:29+07:00"}
{"level":"info","msg":"Retrieved order list successfully","time":"2024-06-19T17:26:29+07:00"}
{"level":"info","method":"GET","msg":"HTTP request","path":"/v1/order","query":"","remoteIP":"::1","time":"2024-06-19T17:26:29+07:00"}
{"latency":0.001384667,"level":"info","method":"GET","msg":"HTTP response","path":"/v1/order","query":"","remoteIP":"::1","status":200,"time":"2024-06-19T17:26:29+07:00"}
{"level":"info","method":"POST","msg":"HTTP request","path":"/v1/transaction","query":"","remoteIP":"::1","time":"2024-06-19T17:37:21+07:00"}
{"latency":0.004306303,"level":"info","method":"POST","msg":"HTTP response","path":"/v1/transaction","query":"","remoteIP":"::1","status":500,"time":"2024-06-19T17:37:21+07:00"}
{"level":"info","method":"GET","msg":"HTTP request","path":"/v1/stock","query":"","remoteIP":"::1","time":"2024-06-19T17:37:30+07:00"}
{"latency":0.005585063,"level":"info","method":"GET","msg":"HTTP response","path":"/v1/stock","query":"","remoteIP":"::1","status":200,"time":"2024-06-19T17:37:30+07:00"}
{"level":"info","method":"POST","msg":"HTTP request","path":"/v1/transaction","query":"","remoteIP":"::1","time":"2024-06-19T17:38:15+07:00"}
{"latency":0.017585408,"level":"info","method":"POST","msg":"HTTP response","path":"/v1/transaction","query":"","remoteIP":"::1","status":201,"time":"2024-06-19T17:38:15+07:00"}
{"function":"main","level":"info","module":"main","msg":"Service started","time":"2024-06-20T12:18:30+07:00"}
{"level":"info","method":"POST","msg":"HTTP request","path":"/v1/transaction","query":"","remoteIP":"::1","time":"2024-06-20T12:18:37+07:00"}
{"latency":0.029804412,"level":"info","method":"POST","msg":"HTTP response","path":"/v1/transaction","query":"","remoteIP":"::1","status":201,"time":"2024-06-20T12:18:37+07:00"}
{"level":"info","method":"POST","msg":"HTTP request","path":"/v1/transaction","query":"","remoteIP":"::1","time":"2024-06-20T12:19:21+07:00"}
{"latency":0.009332538,"level":"info","method":"POST","msg":"HTTP response","path":"/v1/transaction","query":"","remoteIP":"::1","status":201,"time":"2024-06-20T12:19:21+07:00"}
{"level":"info","method":"POST","msg":"HTTP request","path":"/v1/transaction","query":"","remoteIP":"::1","time":"2024-06-20T12:19:24+07:00"}
{"latency":0.009810425,"level":"info","method":"POST","msg":"HTTP response","path":"/v1/transaction","query":"","remoteIP":"::1","status":201,"time":"2024-06-20T12:19:24+07:00"}
{"level":"info","method":"POST","msg":"HTTP request","path":"/v1/transaction","query":"","remoteIP":"::1","time":"2024-06-20T12:19:25+07:00"}
{"latency":0.00801961,"level":"info","method":"POST","msg":"HTTP response","path":"/v1/transaction","query":"","remoteIP":"::1","status":201,"time":"2024-06-20T12:19:25+07:00"}
{"level":"info","method":"GET","msg":"HTTP request","path":"/v1/product","query":"","remoteIP":"::1","time":"2024-06-20T12:19:35+07:00"}
{"latency":0.002857123,"level":"info","method":"GET","msg":"HTTP response","path":"/v1/product","query":"","remoteIP":"::1","status":200,"time":"2024-06-20T12:19:35+07:00"}
{"level":"info","method":"GET","msg":"HTTP request","path":"/v1/product","query":"","remoteIP":"::1","time":"2024-06-20T12:19:35+07:00"}
{"latency":0.001046343,"level":"info","method":"GET","msg":"HTTP response","path":"/v1/product","query":"","remoteIP":"::1","status":200,"time":"2024-06-20T12:19:35+07:00"}
{"level":"info","method":"GET","msg":"HTTP request","path":"/v1/stock","query":"","remoteIP":"::1","time":"2024-06-20T12:19:48+07:00"}
{"latency":0.00491569,"level":"info","method":"GET","msg":"HTTP response","path":"/v1/stock","query":"","remoteIP":"::1","status":200,"time":"2024-06-20T12:19:48+07:00"}
{"level":"info","method":"GET","msg":"HTTP request","path":"/v1/stock","query":"","remoteIP":"::1","time":"2024-06-20T12:19:49+07:00"}
{"latency":0.0013172,"level":"info","method":"GET","msg":"HTTP response","path":"/v1/stock","query":"","remoteIP":"::1","status":200,"time":"2024-06-20T12:19:49+07:00"}
{"level":"info","method":"GET","msg":"HTTP request","path":"/v1/stock","query":"","remoteIP":"::1","time":"2024-06-20T12:19:49+07:00"}
{"latency":0.001008044,"level":"info","method":"GET","msg":"HTTP response","path":"/v1/stock","query":"","remoteIP":"::1","status":200,"time":"2024-06-20T12:19:49+07:00"}
{"level":"info","method":"GET","msg":"HTTP request","path":"/v1/stock","query":"","remoteIP":"::1","time":"2024-06-20T12:19:58+07:00"}
{"latency":0.002202693,"level":"info","method":"GET","msg":"HTTP response","path":"/v1/stock","query":"","remoteIP":"::1","status":200,"time":"2024-06-20T12:19:58+07:00"}
{"level":"info","method":"GET","msg":"HTTP request","path":"/v1/stock","query":"","remoteIP":"::1","time":"2024-06-20T12:19:59+07:00"}
{"latency":0.001192012,"level":"info","method":"GET","msg":"HTTP response","path":"/v1/stock","query":"","remoteIP":"::1","status":200,"time":"2024-06-20T12:19:59+07:00"}
{"level":"info","method":"GET","msg":"HTTP request","path":"/v1/stock","query":"","remoteIP":"::1","time":"2024-06-20T12:19:59+07:00"}
{"latency":0.001343599,"level":"info","method":"GET","msg":"HTTP response","path":"/v1/stock","query":"","remoteIP":"::1","status":200,"time":"2024-06-20T12:19:59+07:00"}
{"level":"info","method":"GET","msg":"HTTP request","path":"/v1/stock","query":"","remoteIP":"::1","time":"2024-06-20T12:20:00+07:00"}
{"latency":0.001265408,"level":"info","method":"GET","msg":"HTTP response","path":"/v1/stock","query":"","remoteIP":"::1","status":200,"time":"2024-06-20T12:20:00+07:00"}
{"function":"main","level":"info","module":"main","msg":"Service started","time":"2024-06-20T18:22:18+07:00"}
{"level":"info","method":"GET","msg":"HTTP request","path":"/v1/stock","query":"","remoteIP":"::1","time":"2024-06-20T18:22:22+07:00"}
{"latency":0.005021379,"level":"info","method":"GET","msg":"HTTP response","path":"/v1/stock","query":"","remoteIP":"::1","status":200,"time":"2024-06-20T18:22:22+07:00"}
{"level":"info","method":"GET","msg":"HTTP request","path":"/v1/stock","query":"","remoteIP":"::1","time":"2024-06-20T18:22:23+07:00"}
{"latency":0.001017728,"level":"info","method":"GET","msg":"HTTP response","path":"/v1/stock","query":"","remoteIP":"::1","status":200,"time":"2024-06-20T18:22:23+07:00"}
{"function":"main","level":"info","module":"main","msg":"Service started","time":"2024-06-20T18:23:39+07:00"}
{"level":"info","method":"GET","msg":"HTTP request","path":"/v1/stock","query":"","remoteIP":"::1","time":"2024-06-20T18:23:44+07:00"}
{"latency":0.003916339,"level":"info","method":"GET","msg":"HTTP response","path":"/v1/stock","query":"","remoteIP":"::1","status":200,"time":"2024-06-20T18:23:44+07:00"}
{"function":"main","level":"info","module":"main","msg":"Service started","time":"2024-06-20T18:24:00+07:00"}
{"level":"info","method":"GET","msg":"HTTP request","path":"/v1/stock","query":"","remoteIP":"::1","time":"2024-06-20T18:24:01+07:00"}
{"latency":0.004257965,"level":"info","method":"GET","msg":"HTTP response","path":"/v1/stock","query":"","remoteIP":"::1","status":200,"time":"2024-06-20T18:24:01+07:00"}
{"function":"main","level":"info","module":"main","msg":"Service started","time":"2024-06-20T18:24:14+07:00"}
{"level":"info","method":"GET","msg":"HTTP request","path":"/v1/stock","query":"","remoteIP":"::1","time":"2024-06-20T18:24:15+07:00"}
{"latency":0.005272466,"level":"info","method":"GET","msg":"HTTP response","path":"/v1/stock","query":"","remoteIP":"::1","status":200,"time":"2024-06-20T18:24:15+07:00"}
{"level":"info","method":"GET","msg":"HTTP request","path":"/v1/stock","query":"","remoteIP":"::1","time":"2024-06-20T18:25:33+07:00"}
{"latency":0.002181515,"level":"info","method":"GET","msg":"HTTP response","path":"/v1/stock","query":"","remoteIP":"::1","status":200,"time":"2024-06-20T18:25:33+07:00"}
{"function":"main","level":"info","module":"main","msg":"Service started","time":"2024-06-20T18:27:15+07:00"}
{"level":"info","method":"GET","msg":"HTTP request","path":"/v1/stock","query":"","remoteIP":"::1","time":"2024-06-20T18:27:16+07:00"}
{"latency":0.003908388,"level":"info","method":"GET","msg":"HTTP response","path":"/v1/stock","query":"","remoteIP":"::1","status":200,"time":"2024-06-20T18:27:16+07:00"}
{"function":"main","level":"info","module":"main","msg":"Service started","time":"2024-06-20T18:27:59+07:00"}
{"level":"info","method":"GET","msg":"HTTP request","path":"/v1/stock","query":"","remoteIP":"::1","time":"2024-06-20T18:28:00+07:00"}
{"latency":0.005001268,"level":"info","method":"GET","msg":"HTTP response","path":"/v1/stock","query":"","remoteIP":"::1","status":200,"time":"2024-06-20T18:28:00+07:00"}
{"level":"info","method":"GET","msg":"HTTP request","path":"/v1/stock","query":"","remoteIP":"::1","time":"2024-06-20T18:30:29+07:00"}
{"latency":0.002478259,"level":"info","method":"GET","msg":"HTTP response","path":"/v1/stock","query":"","remoteIP":"::1","status":200,"time":"2024-06-20T18:30:29+07:00"}
{"level":"info","method":"GET","msg":"HTTP request","path":"/v1/stock","query":"","remoteIP":"::1","time":"2024-06-20T18:30:30+07:00"}
{"latency":0.00106993,"level":"info","method":"GET","msg":"HTTP response","path":"/v1/stock","query":"","remoteIP":"::1","status":200,"time":"2024-06-20T18:30:30+07:00"}
{"level":"info","method":"GET","msg":"HTTP request","path":"/v1/stock","query":"","remoteIP":"::1","time":"2024-06-20T18:30:30+07:00"}
{"latency":0.001322818,"level":"info","method":"GET","msg":"HTTP response","path":"/v1/stock","query":"","remoteIP":"::1","status":200,"time":"2024-06-20T18:30:30+07:00"}
{"level":"info","method":"GET","msg":"HTTP request","path":"/v1/stock","query":"","remoteIP":"::1","time":"2024-06-20T18:30:31+07:00"}
{"latency":0.000901569,"level":"info","method":"GET","msg":"HTTP response","path":"/v1/stock","query":"","remoteIP":"::1","status":200,"time":"2024-06-20T18:30:31+07:00"}
{"level":"info","method":"GET","msg":"HTTP request","path":"/v1/stock","query":"","remoteIP":"::1","time":"2024-06-20T18:30:31+07:00"}
{"latency":0.001073191,"level":"info","method":"GET","msg":"HTTP response","path":"/v1/stock","query":"","remoteIP":"::1","status":200,"time":"2024-06-20T18:30:31+07:00"}
{"level":"info","method":"GET","msg":"HTTP request","path":"/v1/stock","query":"","remoteIP":"::1","time":"2024-06-20T18:30:32+07:00"}
{"latency":0.001031075,"level":"info","method":"GET","msg":"HTTP response","path":"/v1/stock","query":"","remoteIP":"::1","status":200,"time":"2024-06-20T18:30:32+07:00"}
{"level":"info","method":"GET","msg":"HTTP request","path":"/v1/stock","query":"","remoteIP":"::1","time":"2024-06-20T18:30:32+07:00"}
{"latency":0.00105283,"level":"info","method":"GET","msg":"HTTP response","path":"/v1/stock","query":"","remoteIP":"::1","status":200,"time":"2024-06-20T18:30:32+07:00"}
{"level":"info","method":"GET","msg":"HTTP request","path":"/v1/stock","query":"","remoteIP":"::1","time":"2024-06-20T18:30:33+07:00"}
{"latency":0.001261901,"level":"info","method":"GET","msg":"HTTP response","path":"/v1/stock","query":"","remoteIP":"::1","status":200,"time":"2024-06-20T18:30:33+07:00"}
{"level":"info","method":"GET","msg":"HTTP request","path":"/v1/stock","query":"","remoteIP":"::1","time":"2024-06-20T18:30:33+07:00"}
{"latency":0.001091734,"level":"info","method":"GET","msg":"HTTP response","path":"/v1/stock","query":"","remoteIP":"::1","status":200,"time":"2024-06-20T18:30:33+07:00"}
{"level":"info","method":"GET","msg":"HTTP request","path":"/v1/stock","query":"","remoteIP":"::1","time":"2024-06-20T18:30:34+07:00"}
{"latency":0.001288619,"level":"info","method":"GET","msg":"HTTP response","path":"/v1/stock","query":"","remoteIP":"::1","status":200,"time":"2024-06-20T18:30:34+07:00"}
{"function":"main","level":"info","module":"main","msg":"Service started","time":"2024-06-20T18:31:18+07:00"}
{"level":"info","method":"GET","msg":"HTTP request","path":"/v1/stock","query":"","remoteIP":"::1","time":"2024-06-20T18:31:19+07:00"}
{"latency":0.004424475,"level":"info","method":"GET","msg":"HTTP response","path":"/v1/stock","query":"","remoteIP":"::1","status":200,"time":"2024-06-20T18:31:19+07:00"}
{"function":"main","level":"info","module":"main","msg":"Service started","time":"2024-06-20T18:34:41+07:00"}
{"level":"info","method":"GET","msg":"HTTP request","path":"/v1/stock","query":"","remoteIP":"::1","time":"2024-06-20T18:34:42+07:00"}
{"latency":0.005291641,"level":"info","method":"GET","msg":"HTTP response","path":"/v1/stock","query":"","remoteIP":"::1","status":200,"time":"2024-06-20T18:34:42+07:00"}
